1661904443467	geckodriver	INFO	Listening on 127.0.0.1:60331
1661904443961	mozrunner::runner	INFO	Running command: "/usr/bin/firefox" "--marionette" "--remote-debugging-port" "37279" "--remote-allow-hosts" "localhost" "-no-remote" "-profile" "/tmp/rust_mozprofilev4JzBX"
[GFX1-]: glxtest: VA-API test failed: failed to initialise VAAPI connection.
1661904444831	Marionette	INFO	Marionette enabled
1661904444838	Marionette	INFO	Listening on port 37513
WebDriver BiDi listening on ws://localhost:37279
Read port: 37513
1661904445017	RemoteAgent	WARN	TLS certificate errors will be ignored for this session
console.warn: SearchSettings: "get: No settings file exists, new profile?" (new NotFoundError("Could not open the file at /tmp/rust_mozprofilev4JzBX/search.json.mozlz4", (void 0)))
JavaScript error: resource://gre/modules/TelemetryUtils.jsm, line 154: TypeError: date is undefined
Missing chrome or resource URL: resource://gre/modules/UpdateListener.sys.mjs
DevTools listening on ws://localhost:37279/devtools/browser/3bf9709c-bec5-4a05-9fe2-ec99268fab1b
JavaScript warning: https://assets.adobedtm.com/5d4962a43b79/96fada676f0e/launch-95431b44ee81.min.js, line 4: WEBGL_debug_renderer_info is deprecated in Firefox and will be removed. Please use RENDERER.
Missing chrome or resource URL: resource://gre/modules/UpdateListener.sys.mjs
console.error: "Error during quit-application-granted: [Exception... \"File error: Not found\"  nsresult: \"0x80520012 (NS_ERROR_FILE_NOT_FOUND)\"  location: \"JS frame :: resource:///modules/BrowserGlue.jsm :: _onQuitApplicationGranted/tasks< :: line 2013\"  data: no]"
1661904457320	Marionette	INFO	Stopped listening on port 37513
console.warn: TopSitesFeed: Failed to fetch data from Contile server: NetworkError when attempting to fetch resource.
1661904777162	geckodriver	INFO	Listening on 127.0.0.1:59971
1661904777668	mozrunner::runner	INFO	Running command: "/usr/bin/firefox" "--marionette" "--remote-debugging-port" "50211" "--remote-allow-hosts" "localhost" "-no-remote" "-profile" "/tmp/rust_mozprofiledGrWD4"
[GFX1-]: glxtest: VA-API test failed: failed to initialise VAAPI connection.
1661904778515	Marionette	INFO	Marionette enabled
1661904778521	Marionette	INFO	Listening on port 38987
WebDriver BiDi listening on ws://localhost:50211
Read port: 38987
1661904778680	RemoteAgent	WARN	TLS certificate errors will be ignored for this session
console.warn: SearchSettings: "get: No settings file exists, new profile?" (new NotFoundError("Could not open the file at /tmp/rust_mozprofiledGrWD4/search.json.mozlz4", (void 0)))
JavaScript error: resource://gre/modules/TelemetryUtils.jsm, line 154: TypeError: date is undefined
Missing chrome or resource URL: resource://gre/modules/UpdateListener.sys.mjs
DevTools listening on ws://localhost:50211/devtools/browser/86c0a4c2-4cca-4d97-935c-7b0846425707
JavaScript warning: https://assets.adobedtm.com/5d4962a43b79/96fada676f0e/launch-95431b44ee81.min.js, line 4: WEBGL_debug_renderer_info is deprecated in Firefox and will be removed. Please use RENDERER.
Missing chrome or resource URL: resource://gre/modules/UpdateListener.sys.mjs
console.error: "Error during quit-application-granted: [Exception... \"File error: Not found\"  nsresult: \"0x80520012 (NS_ERROR_FILE_NOT_FOUND)\"  location: \"JS frame :: resource:///modules/BrowserGlue.jsm :: _onQuitApplicationGranted/tasks< :: line 2013\"  data: no]"
1661904822864	Marionette	INFO	Stopped listening on port 38987
console.warn: TopSitesFeed: Failed to fetch data from Contile server: NetworkError when attempting to fetch resource.
1661904965419	geckodriver	INFO	Listening on 127.0.0.1:54175
1661904965921	mozrunner::runner	INFO	Running command: "/usr/bin/firefox" "--marionette" "--remote-debugging-port" "52377" "--remote-allow-hosts" "localhost" "-no-remote" "-profile" "/tmp/rust_mozprofile9y7Z2v"
[GFX1-]: glxtest: VA-API test failed: failed to initialise VAAPI connection.
1661904966748	Marionette	INFO	Marionette enabled
1661904966753	Marionette	INFO	Listening on port 35061
WebDriver BiDi listening on ws://localhost:52377
Read port: 35061
1661904966912	RemoteAgent	WARN	TLS certificate errors will be ignored for this session
console.warn: SearchSettings: "get: No settings file exists, new profile?" (new NotFoundError("Could not open the file at /tmp/rust_mozprofile9y7Z2v/search.json.mozlz4", (void 0)))
JavaScript error: resource://gre/modules/TelemetryUtils.jsm, line 154: TypeError: date is undefined
Missing chrome or resource URL: resource://gre/modules/UpdateListener.sys.mjs
DevTools listening on ws://localhost:52377/devtools/browser/20b0b2b3-1e24-4e15-b304-be16698f9670
JavaScript warning: https://assets.adobedtm.com/5d4962a43b79/96fada676f0e/launch-95431b44ee81.min.js, line 4: WEBGL_debug_renderer_info is deprecated in Firefox and will be removed. Please use RENDERER.
Missing chrome or resource URL: resource://gre/modules/UpdateListener.sys.mjs
console.error: "Error during quit-application-granted: [Exception... \"File error: Not found\"  nsresult: \"0x80520012 (NS_ERROR_FILE_NOT_FOUND)\"  location: \"JS frame :: resource:///modules/BrowserGlue.jsm :: _onQuitApplicationGranted/tasks< :: line 2013\"  data: no]"
1661905025077	Marionette	INFO	Stopped listening on port 35061
console.warn: TopSitesFeed: Failed to fetch data from Contile server: NetworkError when attempting to fetch resource.
1661905038676	geckodriver	INFO	Listening on 127.0.0.1:46731
1661905039183	mozrunner::runner	INFO	Running command: "/usr/bin/firefox" "--marionette" "--remote-debugging-port" "38213" "--remote-allow-hosts" "localhost" "-no-remote" "-profile" "/tmp/rust_mozprofile1r42H0"
[GFX1-]: glxtest: VA-API test failed: failed to initialise VAAPI connection.
1661905040016	Marionette	INFO	Marionette enabled
1661905040022	Marionette	INFO	Listening on port 46659
WebDriver BiDi listening on ws://localhost:38213
Read port: 46659
1661905040184	RemoteAgent	WARN	TLS certificate errors will be ignored for this session
console.warn: SearchSettings: "get: No settings file exists, new profile?" (new NotFoundError("Could not open the file at /tmp/rust_mozprofile1r42H0/search.json.mozlz4", (void 0)))
JavaScript error: resource://gre/modules/TelemetryUtils.jsm, line 154: TypeError: date is undefined
Missing chrome or resource URL: resource://gre/modules/UpdateListener.sys.mjs
DevTools listening on ws://localhost:38213/devtools/browser/515ae00a-cd57-422a-861b-77e6beb60d50
JavaScript warning: https://assets.adobedtm.com/5d4962a43b79/96fada676f0e/launch-95431b44ee81.min.js, line 4: WEBGL_debug_renderer_info is deprecated in Firefox and will be removed. Please use RENDERER.
1661905050639	Marionette	INFO	Stopped listening on port 46659
Missing chrome or resource URL: resource://gre/modules/UpdateListener.sys.mjs
console.error: "Error during quit-application-granted: [Exception... \"File error: Not found\"  nsresult: \"0x80520012 (NS_ERROR_FILE_NOT_FOUND)\"  location: \"JS frame :: resource:///modules/BrowserGlue.jsm :: _onQuitApplicationGranted/tasks< :: line 2013\"  data: no]"
1661905192554	geckodriver	INFO	Listening on 127.0.0.1:41359
1661905193059	mozrunner::runner	INFO	Running command: "/usr/bin/firefox" "--marionette" "--remote-debugging-port" "60787" "--remote-allow-hosts" "localhost" "-no-remote" "-profile" "/tmp/rust_mozprofileMRlU44"
[GFX1-]: glxtest: VA-API test failed: failed to initialise VAAPI connection.
1661905193893	Marionette	INFO	Marionette enabled
1661905193899	Marionette	INFO	Listening on port 33931
WebDriver BiDi listening on ws://localhost:60787
Read port: 33931
1661905194057	RemoteAgent	WARN	TLS certificate errors will be ignored for this session
console.warn: SearchSettings: "get: No settings file exists, new profile?" (new NotFoundError("Could not open the file at /tmp/rust_mozprofileMRlU44/search.json.mozlz4", (void 0)))
JavaScript error: resource://gre/modules/TelemetryUtils.jsm, line 154: TypeError: date is undefined
Missing chrome or resource URL: resource://gre/modules/UpdateListener.sys.mjs
DevTools listening on ws://localhost:60787/devtools/browser/9a19db88-80fb-4f47-a5f0-29143f67f7ed
JavaScript warning: https://assets.adobedtm.com/5d4962a43b79/96fada676f0e/launch-95431b44ee81.min.js, line 4: WEBGL_debug_renderer_info is deprecated in Firefox and will be removed. Please use RENDERER.
1661905205565	Marionette	INFO	Stopped listening on port 33931
Missing chrome or resource URL: resource://gre/modules/UpdateListener.sys.mjs
console.error: "Error during quit-application-granted: [Exception... \"File error: Not found\"  nsresult: \"0x80520012 (NS_ERROR_FILE_NOT_FOUND)\"  location: \"JS frame :: resource:///modules/BrowserGlue.jsm :: _onQuitApplicationGranted/tasks< :: line 2013\"  data: no]"
1661905263551	geckodriver	INFO	Listening on 127.0.0.1:60765
1661905264057	mozrunner::runner	INFO	Running command: "/usr/bin/firefox" "--marionette" "--remote-debugging-port" "55989" "--remote-allow-hosts" "localhost" "-no-remote" "-profile" "/tmp/rust_mozprofilefTetms"
[GFX1-]: glxtest: VA-API test failed: failed to initialise VAAPI connection.
1661905264879	Marionette	INFO	Marionette enabled
1661905264884	Marionette	INFO	Listening on port 33769
WebDriver BiDi listening on ws://localhost:55989
Read port: 33769
1661905265041	RemoteAgent	WARN	TLS certificate errors will be ignored for this session
console.warn: SearchSettings: "get: No settings file exists, new profile?" (new NotFoundError("Could not open the file at /tmp/rust_mozprofilefTetms/search.json.mozlz4", (void 0)))
JavaScript error: resource://gre/modules/TelemetryUtils.jsm, line 154: TypeError: date is undefined
Missing chrome or resource URL: resource://gre/modules/UpdateListener.sys.mjs
DevTools listening on ws://localhost:55989/devtools/browser/9387298a-026b-4bc3-b935-bbb76b506c47
JavaScript warning: https://assets.adobedtm.com/5d4962a43b79/96fada676f0e/launch-95431b44ee81.min.js, line 4: WEBGL_debug_renderer_info is deprecated in Firefox and will be removed. Please use RENDERER.
1661905275021	Marionette	INFO	Stopped listening on port 33769
Missing chrome or resource URL: resource://gre/modules/UpdateListener.sys.mjs
console.error: "Error during quit-application-granted: [Exception... \"File error: Not found\"  nsresult: \"0x80520012 (NS_ERROR_FILE_NOT_FOUND)\"  location: \"JS frame :: resource:///modules/BrowserGlue.jsm :: _onQuitApplicationGranted/tasks< :: line 2013\"  data: no]"
1661905305666	geckodriver	INFO	Listening on 127.0.0.1:40425
1661905306173	mozrunner::runner	INFO	Running command: "/usr/bin/firefox" "--marionette" "--remote-debugging-port" "60659" "--remote-allow-hosts" "localhost" "-no-remote" "-profile" "/tmp/rust_mozprofilepSq78s"
[GFX1-]: glxtest: VA-API test failed: failed to initialise VAAPI connection.
1661905307026	Marionette	INFO	Marionette enabled
1661905307031	Marionette	INFO	Listening on port 37445
WebDriver BiDi listening on ws://localhost:60659
Read port: 37445
1661905307194	RemoteAgent	WARN	TLS certificate errors will be ignored for this session
console.warn: SearchSettings: "get: No settings file exists, new profile?" (new NotFoundError("Could not open the file at /tmp/rust_mozprofilepSq78s/search.json.mozlz4", (void 0)))
JavaScript error: resource://gre/modules/TelemetryUtils.jsm, line 154: TypeError: date is undefined
Missing chrome or resource URL: resource://gre/modules/UpdateListener.sys.mjs
DevTools listening on ws://localhost:60659/devtools/browser/fed934b3-d945-4e52-8fe8-a0f4b4aea81d
JavaScript warning: https://assets.adobedtm.com/5d4962a43b79/96fada676f0e/launch-95431b44ee81.min.js, line 4: WEBGL_debug_renderer_info is deprecated in Firefox and will be removed. Please use RENDERER.
1661905316831	Marionette	INFO	Stopped listening on port 37445
Missing chrome or resource URL: resource://gre/modules/UpdateListener.sys.mjs
console.error: "Error during quit-application-granted: [Exception... \"File error: Not found\"  nsresult: \"0x80520012 (NS_ERROR_FILE_NOT_FOUND)\"  location: \"JS frame :: resource:///modules/BrowserGlue.jsm :: _onQuitApplicationGranted/tasks< :: line 2013\"  data: no]"
1661905338925	geckodriver	INFO	Listening on 127.0.0.1:56437
1661905339431	mozrunner::runner	INFO	Running command: "/usr/bin/firefox" "--marionette" "--remote-debugging-port" "35793" "--remote-allow-hosts" "localhost" "-no-remote" "-profile" "/tmp/rust_mozprofileENb35Y"
[GFX1-]: glxtest: VA-API test failed: failed to initialise VAAPI connection.
1661905340275	Marionette	INFO	Marionette enabled
1661905340280	Marionette	INFO	Listening on port 40173
WebDriver BiDi listening on ws://localhost:35793
Read port: 40173
1661905340445	RemoteAgent	WARN	TLS certificate errors will be ignored for this session
console.warn: SearchSettings: "get: No settings file exists, new profile?" (new NotFoundError("Could not open the file at /tmp/rust_mozprofileENb35Y/search.json.mozlz4", (void 0)))
JavaScript error: resource://gre/modules/TelemetryUtils.jsm, line 154: TypeError: date is undefined
Missing chrome or resource URL: resource://gre/modules/UpdateListener.sys.mjs
DevTools listening on ws://localhost:35793/devtools/browser/a5d4f863-9683-4df9-9223-203941853ec8
JavaScript warning: https://assets.adobedtm.com/5d4962a43b79/96fada676f0e/launch-95431b44ee81.min.js, line 4: WEBGL_debug_renderer_info is deprecated in Firefox and will be removed. Please use RENDERER.
1661905349938	Marionette	INFO	Stopped listening on port 40173
Missing chrome or resource URL: resource://gre/modules/UpdateListener.sys.mjs
console.error: "Error during quit-application-granted: [Exception... \"File error: Not found\"  nsresult: \"0x80520012 (NS_ERROR_FILE_NOT_FOUND)\"  location: \"JS frame :: resource:///modules/BrowserGlue.jsm :: _onQuitApplicationGranted/tasks< :: line 2013\"  data: no]"
1661906671683	geckodriver	INFO	Listening on 127.0.0.1:44983
1661906672188	mozrunner::runner	INFO	Running command: "/usr/bin/firefox" "--marionette" "--remote-debugging-port" "40413" "--remote-allow-hosts" "localhost" "-no-remote" "-profile" "/tmp/rust_mozprofileEL4ZMC"
[GFX1-]: glxtest: VA-API test failed: failed to initialise VAAPI connection.
1661906673021	Marionette	INFO	Marionette enabled
1661906673026	Marionette	INFO	Listening on port 36473
WebDriver BiDi listening on ws://localhost:40413
Read port: 36473
1661906673189	RemoteAgent	WARN	TLS certificate errors will be ignored for this session
console.warn: SearchSettings: "get: No settings file exists, new profile?" (new NotFoundError("Could not open the file at /tmp/rust_mozprofileEL4ZMC/search.json.mozlz4", (void 0)))
JavaScript error: resource://gre/modules/TelemetryUtils.jsm, line 154: TypeError: date is undefined
Missing chrome or resource URL: resource://gre/modules/UpdateListener.sys.mjs
DevTools listening on ws://localhost:40413/devtools/browser/7aea87c1-39a2-4038-894e-5d076e0063c9
JavaScript warning: https://assets.adobedtm.com/5d4962a43b79/96fada676f0e/launch-95431b44ee81.min.js, line 4: WEBGL_debug_renderer_info is deprecated in Firefox and will be removed. Please use RENDERER.
1661906684253	Marionette	INFO	Stopped listening on port 36473
Missing chrome or resource URL: resource://gre/modules/UpdateListener.sys.mjs
console.error: "Error during quit-application-granted: [Exception... \"File error: Not found\"  nsresult: \"0x80520012 (NS_ERROR_FILE_NOT_FOUND)\"  location: \"JS frame :: resource:///modules/BrowserGlue.jsm :: _onQuitApplicationGranted/tasks< :: line 2013\"  data: no]"
1661906854851	geckodriver	INFO	Listening on 127.0.0.1:52575
1661906855357	mozrunner::runner	INFO	Running command: "/usr/bin/firefox" "--marionette" "--remote-debugging-port" "55685" "--remote-allow-hosts" "localhost" "-no-remote" "-profile" "/tmp/rust_mozprofile7FpWMy"
[GFX1-]: glxtest: VA-API test failed: failed to initialise VAAPI connection.
1661906856175	Marionette	INFO	Marionette enabled
1661906856181	Marionette	INFO	Listening on port 37231
WebDriver BiDi listening on ws://localhost:55685
Read port: 37231
1661906856341	RemoteAgent	WARN	TLS certificate errors will be ignored for this session
console.warn: SearchSettings: "get: No settings file exists, new profile?" (new NotFoundError("Could not open the file at /tmp/rust_mozprofile7FpWMy/search.json.mozlz4", (void 0)))
JavaScript error: resource://gre/modules/TelemetryUtils.jsm, line 154: TypeError: date is undefined
Missing chrome or resource URL: resource://gre/modules/UpdateListener.sys.mjs
DevTools listening on ws://localhost:55685/devtools/browser/9489fb6c-d710-43e1-a563-d8f59da699a5
console.error: services.settings: 
  main/query-stripping Signature failed  InvalidSignatureError: Invalid content signature (main/query-stripping)
console.error: services.settings: 
  main/query-stripping local data was corrupted
console.warn: services.settings: main/query-stripping Signature verified failed. Retry from scratch
console.error: services.settings: 
  main/query-stripping Signature failed again InvalidSignatureError: Invalid content signature (main/query-stripping)
JavaScript warning: https://assets.adobedtm.com/5d4962a43b79/96fada676f0e/launch-95431b44ee81.min.js, line 4: WEBGL_debug_renderer_info is deprecated in Firefox and will be removed. Please use RENDERER.
1661906870305	Marionette	INFO	Stopped listening on port 37231
Missing chrome or resource URL: resource://gre/modules/UpdateListener.sys.mjs
console.error: "Error during quit-application-granted: [Exception... \"File error: Not found\"  nsresult: \"0x80520012 (NS_ERROR_FILE_NOT_FOUND)\"  location: \"JS frame :: resource:///modules/BrowserGlue.jsm :: _onQuitApplicationGranted/tasks< :: line 2013\"  data: no]"
1661906916473	geckodriver	INFO	Listening on 127.0.0.1:53833
1661906916979	mozrunner::runner	INFO	Running command: "/usr/bin/firefox" "--marionette" "--remote-debugging-port" "60817" "--remote-allow-hosts" "localhost" "-no-remote" "-profile" "/tmp/rust_mozprofilenFNb9U"
[GFX1-]: glxtest: VA-API test failed: failed to initialise VAAPI connection.
1661906917799	Marionette	INFO	Marionette enabled
1661906917805	Marionette	INFO	Listening on port 34037
WebDriver BiDi listening on ws://localhost:60817
Read port: 34037
1661906917962	RemoteAgent	WARN	TLS certificate errors will be ignored for this session
console.warn: SearchSettings: "get: No settings file exists, new profile?" (new NotFoundError("Could not open the file at /tmp/rust_mozprofilenFNb9U/search.json.mozlz4", (void 0)))
JavaScript error: resource://gre/modules/TelemetryUtils.jsm, line 154: TypeError: date is undefined
Missing chrome or resource URL: resource://gre/modules/UpdateListener.sys.mjs
DevTools listening on ws://localhost:60817/devtools/browser/f2956e57-e715-4b85-bb5e-1fd75a9fc982
JavaScript warning: https://assets.adobedtm.com/5d4962a43b79/96fada676f0e/launch-95431b44ee81.min.js, line 4: WEBGL_debug_renderer_info is deprecated in Firefox and will be removed. Please use RENDERER.
1661906931859	Marionette	INFO	Stopped listening on port 34037
Missing chrome or resource URL: resource://gre/modules/UpdateListener.sys.mjs
console.error: "Error during quit-application-granted: [Exception... \"File error: Not found\"  nsresult: \"0x80520012 (NS_ERROR_FILE_NOT_FOUND)\"  location: \"JS frame :: resource:///modules/BrowserGlue.jsm :: _onQuitApplicationGranted/tasks< :: line 2013\"  data: no]"
